yarn add v1.22.21
[1/5] Validating package.json...
[2/5] Resolving packages...
[3/5] Fetching packages...
warning Pattern ["strip-ansi@^6.0.1"] is trying to unpack in the same destination "C:\\Users\\49152\\AppData\\Local\\Yarn\\Cache\\v6\\npm-strip-ansi-cjs-6.0.1-9e26c63d30f53443e9489495b2105d37b67a85d9-integrity\\node_modules\\strip-ansi-cjs" as pattern ["strip-ansi-cjs@npm:strip-ansi@^6.0.1"]. This could result in non-deterministic behavior, skipping.
warning Pattern ["string-width@^4.1.0"] is trying to unpack in the same destination "C:\\Users\\49152\\AppData\\Local\\Yarn\\Cache\\v6\\npm-string-width-cjs-4.2.3-269c7117d27b05ad2e536830a8ec895ef9c6d010-integrity\\node_modules\\string-width-cjs" as pattern ["string-width-cjs@npm:string-width@^4.2.0"]. This could result in non-deterministic behavior, skipping.
warning Pattern ["strip-ansi@^6.0.0"] is trying to unpack in the same destination "C:\\Users\\49152\\AppData\\Local\\Yarn\\Cache\\v6\\npm-strip-ansi-cjs-6.0.1-9e26c63d30f53443e9489495b2105d37b67a85d9-integrity\\node_modules\\strip-ansi-cjs" as pattern ["strip-ansi-cjs@npm:strip-ansi@^6.0.1"]. This could result in non-deterministic behavior, skipping.
warning Pattern ["string-width@^4.2.0"] is trying to unpack in the same destination "C:\\Users\\49152\\AppData\\Local\\Yarn\\Cache\\v6\\npm-string-width-cjs-4.2.3-269c7117d27b05ad2e536830a8ec895ef9c6d010-integrity\\node_modules\\string-width-cjs" as pattern ["string-width-cjs@npm:string-width@^4.2.0"]. This could result in non-deterministic behavior, skipping.
warning Pattern ["wrap-ansi@^7.0.0"] is trying to unpack in the same destination "C:\\Users\\49152\\AppData\\Local\\Yarn\\Cache\\v6\\npm-wrap-ansi-cjs-7.0.0-67e145cff510a6a6984bdf1152911d69d2eb9e43-integrity\\node_modules\\wrap-ansi-cjs" as pattern ["wrap-ansi-cjs@npm:wrap-ansi@^7.0.0"]. This could result in non-deterministic behavior, skipping.
warning Pattern ["string-width@^4.2.3"] is trying to unpack in the same destination "C:\\Users\\49152\\AppData\\Local\\Yarn\\Cache\\v6\\npm-string-width-cjs-4.2.3-269c7117d27b05ad2e536830a8ec895ef9c6d010-integrity\\node_modules\\string-width-cjs" as pattern ["string-width-cjs@npm:string-width@^4.2.0"]. This could result in non-deterministic behavior, skipping.
warning Pattern ["prettier@^3.2.5"] is trying to unpack in the same destination "C:\\Users\\49152\\AppData\\Local\\Yarn\\Cache\\v6\\npm-prettier-fallback-3.3.2-03ff86dc7c835f2d2559ee76876a3914cec4a90a-integrity\\node_modules\\prettier-fallback" as pattern ["prettier-fallback@npm:prettier@^3"]. This could result in non-deterministic behavior, skipping.
warning Pattern ["prettier@^3.1.1"] is trying to unpack in the same destination "C:\\Users\\49152\\AppData\\Local\\Yarn\\Cache\\v6\\npm-prettier-fallback-3.3.2-03ff86dc7c835f2d2559ee76876a3914cec4a90a-integrity\\node_modules\\prettier-fallback" as pattern ["prettier-fallback@npm:prettier@^3"]. This could result in non-deterministic behavior, skipping.
warning chart.js@4.4.3: The engine "pnpm" appears to be invalid.
[4/5] Linking dependencies...
warning " > @mui/styles@5.15.20" has incorrect peer dependency "react@^17.0.0".
warning " > @testing-library/react@16.0.0" has unmet peer dependency "@testing-library/dom@^10.0.0".
warning " > eslint-config-react-app@7.0.1" has incorrect peer dependency "eslint@^8.0.0".
warning "eslint-config-react-app > @typescript-eslint/eslint-plugin@5.62.0" has incorrect peer dependency "eslint@^6.0.0 || ^7.0.0 || ^8.0.0".
warning "eslint-config-react-app > @typescript-eslint/parser@5.62.0" has incorrect peer dependency "eslint@^6.0.0 || ^7.0.0 || ^8.0.0".
warning " > eslint-plugin-flowtype@8.0.3" has unmet peer dependency "@babel/plugin-syntax-flow@^7.14.5".
warning " > eslint-plugin-flowtype@8.0.3" has unmet peer dependency "@babel/plugin-transform-react-jsx@^7.14.9".
warning " > eslint-plugin-flowtype@8.0.3" has incorrect peer dependency "eslint@^8.1.0".
warning " > eslint-plugin-import@2.29.1" has incorrect peer dependency "eslint@^2 || ^3 || ^4 || ^5 || ^6 || ^7.2.0 || ^8".
warning "eslint-config-react-app > eslint-plugin-jest@25.7.0" has incorrect peer dependency "eslint@^6.0.0 || ^7.0.0 || ^8.0.0".
warning " > eslint-plugin-jsx-a11y@6.9.0" has incorrect peer dependency "eslint@^3 || ^4 || ^5 || ^6 || ^7 || ^8".
warning " > eslint-plugin-react@7.34.3" has incorrect peer dependency "eslint@^3 || ^4 || ^5 || ^6 || ^7 || ^8".
warning " > eslint-plugin-react-hooks@4.6.2" has incorrect peer dependency "eslint@^3.0.0 || ^4.0.0 || ^5.0.0 || ^6.0.0 || ^7.0.0 || ^8.0.0-0".
warning "eslint-config-react-app > eslint-plugin-testing-library@5.11.1" has incorrect peer dependency "eslint@^7.5.0 || ^8.0.0".
warning "eslint-config-react-app > @typescript-eslint/eslint-plugin > @typescript-eslint/utils@5.62.0" has incorrect peer dependency "eslint@^6.0.0 || ^7.0.0 || ^8.0.0".
warning "eslint-config-react-app > eslint-plugin-jest > @typescript-eslint/experimental-utils@5.62.0" has incorrect peer dependency "eslint@^6.0.0 || ^7.0.0 || ^8.0.0".
warning "@babel/plugin-proposal-private-property-in-object > @babel/helper-create-class-features-plugin@7.24.7" has unmet peer dependency "@babel/core@^7.0.0".
warning "@babel/plugin-proposal-private-property-in-object > @babel/plugin-syntax-private-property-in-object@7.14.5" has unmet peer dependency "@babel/core@^7.0.0-0".
warning "notistack > goober@2.1.14" has unmet peer dependency "csstype@^3.0.10".
warning " > reactour@1.19.4" has incorrect peer dependency "styled-components@^4.0.0 || ^5.0.0".
warning " > use-api-polling@0.1.4" has incorrect peer dependency "react@^16.8.0".
warning " > use-api-polling@0.1.4" has incorrect peer dependency "react-dom@^16.8.0".
warning " > @babel/plugin-proposal-private-property-in-object@7.21.11" has unmet peer dependency "@babel/core@^7.0.0-0".
warning " > @typescript-eslint/eslint-plugin@7.14.1" has incorrect peer dependency "eslint@^8.56.0".
warning "@typescript-eslint/eslint-plugin > @typescript-eslint/type-utils@7.14.1" has incorrect peer dependency "eslint@^8.56.0".
warning "@typescript-eslint/eslint-plugin > @typescript-eslint/utils@7.14.1" has incorrect peer dependency "eslint@^8.56.0".
warning " > @typescript-eslint/parser@7.14.1" has incorrect peer dependency "eslint@^8.56.0".
warning "electron-builder > app-builder-lib@24.13.3" has unmet peer dependency "electron-builder-squirrel-windows@24.13.3".
warning " > eslint-config-airbnb@19.0.4" has incorrect peer dependency "eslint@^7.32.0 || ^8.2.0".
warning "eslint-config-airbnb > eslint-config-airbnb-base@15.0.0" has incorrect peer dependency "eslint@^7.32.0 || ^8.2.0".
warning " > eslint-plugin-prettier@5.1.3" has unmet peer dependency "prettier@>=3.0.0".
[5/5] Building fresh packages...
success Saved 0 new dependencies.
$ electron-builder install-app-deps

C:\Users\49152\projects\ledfx_v2\frontend\node_modules\cliui\build\index.cjs:291
const stringWidth = require('string-width');
                    ^
Error [ERR_REQUIRE_ESM]: require() of ES Module C:\Users\49152\projects\ledfx_v2\frontend\node_modules\string-width\index.js from C:\Users\49152\projects\ledfx_v2\frontend\node_modules\cliui\build\index.cjs not supported.
Instead change the require of index.js in C:\Users\49152\projects\ledfx_v2\frontend\node_modules\cliui\build\index.cjs to a dynamic import() which is available in all CommonJS modules.
    at Object.<anonymous> (C:\Users\49152\projects\ledfx_v2\frontend\node_modules\cliui\build\index.cjs:291:21)
    at Object.<anonymous> (C:\Users\49152\projects\ledfx_v2\frontend\node_modules\yargs\build\index.cjs:1:60678)
error Command failed with exit code 1.
info Visit https://yarnpkg.com/en/docs/cli/add for documentation about this command.
